<?xml version="1.0" encoding="UTF-8"?>
<!-- Generated by org.testng.reporters.JUnitXMLReporter -->
<testsuite hostname="Surbhits-MacBook-Pro.local" failures="0" tests="4" name="Default test" time="254.852" errors="0" timestamp="30 Jul 2022 11:15:43 GMT">
  <testcase classname="pcloudyHackathon.HackathonTestScenarios" name="TC_Scenario001_ValidateDoubleTap" time="14.21"/>
  <testcase classname="pcloudyHackathon.HackathonTestScenarios" name="TC_Scenario002_ToDrawGivenEmoji" time="22.301"/>
  <testcase classname="pcloudyHackathon.HackathonTestScenarios" name="TC_Scenario003_ToVerifyDragAndDropUseCase" time="19.24"/>
  <testcase classname="pcloudyHackathon.HackathonTestScenarios" name="TC_Scenario04_ValidateImageDiffAndTextCompare" time="25.604"/>
</testsuite> <!-- Default test -->
